<?xml version="1.0" encoding="UTF-8"?>
<testsuite name="JUnit Platform Suite" tests="60" skipped="0" failures="0" errors="0" time="1.609" hostname="NRMLPT-33HJTL3" timestamp="2025-10-09T17:04:40">
<properties>
<property name="file.encoding" value="UTF-8"/>
<property name="file.separator" value="\"/>
<property name="java.class.path" value="C:\Projects\mercury\GiFork2.0\LisLabelPlugin\build\classes;C:\Projects\mercury\GiFork2.0\LisLabelPlugin\build\test-classes;C:\Projects\mercury\GiFork2.0\GiFork\bin;C:\Projects\mercury\GiFork2.0\GiFork;C:\Projects\mercury\GiFork2.0\GiFork\libs\Lis\E000ATLJ0.jar;C:\Projects\mercury\GiFork2.0\GiFork\libs\Lis\byte-buddy-1.15.11.jar;C:\Projects\mercury\GiFork2.0\GiFork\libs\Lis\byte-buddy-agent-1.15.11.jar;C:\Projects\mercury\GiFork2.0\GiFork\libs\Lis\commons-io-2.5.jar;C:\Projects\mercury\GiFork2.0\GiFork\libs\Lis\jakarta.xml.bind-api-3.0.0.jar;C:\Projects\mercury\GiFork2.0\GiFork\libs\Lis\javaproj-1.0.6.jar;C:\Projects\mercury\GiFork2.0\GiFork\libs\Lis\javax.activation-1.2.0.jar;C:\Projects\mercury\GiFork2.0\GiFork\libs\Lis\jaxb-api.jar;C:\Projects\mercury\GiFork2.0\GiFork\libs\Lis\jaxb-core.jar;C:\Projects\mercury\GiFork2.0\GiFork\libs\Lis\jaxb-impl.jar;C:\Projects\mercury\GiFork2.0\GiFork\libs\Lis\jaxb-xjc.jar;C:\Projects\mercury\GiFork2.0\GiFork\libs\Lis\jaxp-ri-1.4.5.jar;C:\Projects\mercury\GiFork2.0\GiFork\libs\Lis\junit-platform-console-standalone-1.13.4.jar;C:\Projects\mercury\GiFork2.0\GiFork\libs\Lis\mockito-core-5.14.1.jar;C:\Projects\mercury\GiFork2.0\GiFork\libs\Lis\mockito-junit-jupiter-5.14.1.jar;C:\Projects\mercury\GiFork2.0\GiFork\libs\Lis\objenesis-3.3.jar;C:\Projects\mercury\GiFork2.0\GiFork\libs\Lis\pcap4j-core-1.8.2.jar;C:\Projects\mercury\GiFork2.0\GiFork\libs\Lis\protobuf-java-2.6.1.jar;C:\Projects\mercury\GiFork2.0\GiFork\libs\Lis\protobuf-java-format-1.4.jar;C:\Projects\mercury\GiFork2.0\GiFork\libs\Lis\usi.jar;C:\Projects\mercury\GiFork2.0\GiFork\libs\GiForkCommonLib.jar;C:\Projects\mercury\GiFork2.0\GiFork\libs\Gson.jar;C:\Projects\mercury\GiFork2.0\GiFork\libs\WpCommon.jar;C:\Projects\mercury\GiFork2.0\GiFork\libs\infrastructure.jar;C:\Projects\mercury\GiFork2.0\GiFork\libs\jackson-core-2.13.0-rc1.jar;C:\Projects\mercury\GiFork2.0\GiFork\libs\jackson-databind-2.12.4.jar;C:\Projects\mercury\GiFork2.0\GiFork\libs\jedm.jar;C:\Projects\mercury\GiFork2.0\GiFork\libs\json-20201115.jar;C:\Projects\mercury\GiFork2.0\GiFork\libs\jts-1.11.jar;C:\Projects\mercury\GiFork2.0\GiFork\libs\libProcessWpCommon.jar;C:\Projects\mercury\GiFork2.0\GiFork\libs\log4j-1.2-api-2.24.3.jar;C:\Projects\mercury\GiFork2.0\GiFork\libs\log4j-api-2.24.3.jar;C:\Projects\mercury\GiFork2.0\GiFork\libs\log4j-core-2.24.3.jar;C:\Projects\mercury\GiFork2.0\GiFork\libs\mappedbus-0.5.1.jar;C:\Projects\mercury\GiFork2.0\GiFork\libs\richtextfx-fat-0.10.6.b.jar"/>
<property name="java.class.version" value="65.0"/>
<property name="java.home" value="C:\Users\cbuzi\Documents\Dipenzende Progetto\jdk-21.0.7"/>
<property name="java.io.tmpdir" value="C:\Users\cbuzi\AppData\Local\Temp\"/>
<property name="java.library.path" value="C:\Users\cbuzi\Documents\Dipenzende Progetto\jdk-21.0.7\bin;C:\Windows\Sun\Java\bin;C:\Windows\system32;C:\Windows;C:/Users/cbuzi/.p2/pool/plugins/org.eclipse.justj.openjdk.hotspot.jre.full.win32.x86_64_23.0.2.v20250131-0604/jre/bin/server;C:/Users/cbuzi/.p2/pool/plugins/org.eclipse.justj.openjdk.hotspot.jre.full.win32.x86_64_23.0.2.v20250131-0604/jre/bin;C:\Windows\system32;C:\Windows;C:\Windows\System32\Wbem;C:\Windows\System32\WindowsPowerShell\v1.0\;C:\Windows\System32\OpenSSH\;C:\Program Files\dotnet\;%JAVA_HOME%\bin;%PATH_TO_FX%;C:\Users\cbuzi\AppData\Local\Microsoft\WindowsApps;C:\Windows;;."/>
<property name="java.runtime.name" value="Java(TM) SE Runtime Environment"/>
<property name="java.runtime.version" value="21.0.7+8-LTS-245"/>
<property name="java.specification.name" value="Java Platform API Specification"/>
<property name="java.specification.vendor" value="Oracle Corporation"/>
<property name="java.specification.version" value="21"/>
<property name="java.vendor" value="Oracle Corporation"/>
<property name="java.vendor.url" value="https://java.oracle.com/"/>
<property name="java.vendor.url.bug" value="https://bugreport.java.com/bugreport/"/>
<property name="java.version" value="21.0.7"/>
<property name="java.version.date" value="2025-04-15"/>
<property name="java.vm.compressedOopsMode" value="Zero based"/>
<property name="java.vm.info" value="mixed mode, sharing"/>
<property name="java.vm.name" value="Java HotSpot(TM) 64-Bit Server VM"/>
<property name="java.vm.specification.name" value="Java Virtual Machine Specification"/>
<property name="java.vm.specification.vendor" value="Oracle Corporation"/>
<property name="java.vm.specification.version" value="21"/>
<property name="java.vm.vendor" value="Oracle Corporation"/>
<property name="java.vm.version" value="21.0.7+8-LTS-245"/>
<property name="jdk.debug" value="release"/>
<property name="junit.docs.version" value="1.13.4"/>
<property name="line.separator" value="&#13;&#10;"/>
<property name="native.encoding" value="Cp1252"/>
<property name="os.arch" value="amd64"/>
<property name="os.name" value="Windows 10"/>
<property name="os.version" value="10.0"/>
<property name="path.separator" value=";"/>
<property name="stderr.encoding" value="Cp1252"/>
<property name="stdout.encoding" value="Cp1252"/>
<property name="sun.arch.data.model" value="64"/>
<property name="sun.boot.library.path" value="C:\Users\cbuzi\Documents\Dipenzende Progetto\jdk-21.0.7\bin"/>
<property name="sun.cpu.endian" value="little"/>
<property name="sun.cpu.isalist" value="amd64"/>
<property name="sun.io.unicode.encoding" value="UnicodeLittle"/>
<property name="sun.java.command" value="org.junit.platform.console.ConsoleLauncher execute --select-class=service.AggregatorServiceTestSuite --reports-dir=C:\Projects\mercury\GiFork2.0\LisLabelPlugin/build/test-results --details=summary --disable-banner --disable-ansi-colors"/>
<property name="sun.java.launcher" value="SUN_STANDARD"/>
<property name="sun.jnu.encoding" value="Cp1252"/>
<property name="sun.management.compiler" value="HotSpot 64-Bit Tiered Compilers"/>
<property name="sun.os.patch.level" value=""/>
<property name="user.country" value="IT"/>
<property name="user.dir" value="C:\Projects\mercury\GiFork2.0\LisLabelPlugin"/>
<property name="user.home" value="C:\Users\cbuzi"/>
<property name="user.language" value="it"/>
<property name="user.name" value="cbuzi"/>
<property name="user.script" value=""/>
<property name="user.timezone" value="Europe/Rome"/>
<property name="user.variant" value=""/>
</properties>
<testcase name="testMode4Value_Invalid()" classname="service.track.MODE4AggregatorServiceTest" time="0.001">
<system-out><![CDATA[
unique-id: [engine:junit-platform-suite]/[suite:service.AggregatorServiceTestSuite]/[engine:junit-jupiter]/[class:service.track.MODE4AggregatorServiceTest]/[method:testMode4Value_Invalid()]
display-name: testMode4Value_Invalid()
]]></system-out>
</testcase>
<testcase name="testMode4Value_2()" classname="service.track.MODE4AggregatorServiceTest" time="0">
<system-out><![CDATA[
unique-id: [engine:junit-platform-suite]/[suite:service.AggregatorServiceTestSuite]/[engine:junit-jupiter]/[class:service.track.MODE4AggregatorServiceTest]/[method:testMode4Value_2()]
display-name: testMode4Value_2()
]]></system-out>
</testcase>
<testcase name="testAggregate_NoCpdlcData_ShouldWriteEmptyValues()" classname="service.cpdlc.UDLARCAggregatorServiceTest" time="0.003">
<system-out><![CDATA[
unique-id: [engine:junit-platform-suite]/[suite:service.AggregatorServiceTestSuite]/[engine:junit-jupiter]/[class:service.cpdlc.UDLARCAggregatorServiceTest]/[method:testAggregate_NoCpdlcData_ShouldWriteEmptyValues()]
display-name: testAggregate_NoCpdlcData_ShouldWriteEmptyValues()
]]></system-out>
</testcase>
<testcase name="testAggregateWithValidValues()" classname="service.flight.ARCAggregatorServiceTest" time="0.025">
<system-out><![CDATA[
unique-id: [engine:junit-platform-suite]/[suite:service.AggregatorServiceTestSuite]/[engine:junit-jupiter]/[class:service.flight.ARCAggregatorServiceTest]/[method:testAggregateWithValidValues()]
display-name: testAggregateWithValidValues()
]]></system-out>
</testcase>
<testcase name="testAggregate_withPositiveVX()" classname="service.track.VXAggregatorServiceTest" time="0.001">
<system-out><![CDATA[
unique-id: [engine:junit-platform-suite]/[suite:service.AggregatorServiceTestSuite]/[engine:junit-jupiter]/[class:service.track.VXAggregatorServiceTest]/[method:testAggregate_withPositiveVX()]
display-name: testAggregate_withPositiveVX()
]]></system-out>
</testcase>
<testcase name="testAggregateIsGroundTrue()" classname="service.flight.CLKAggregatorServiceTest" time="0">
<system-out><![CDATA[
unique-id: [engine:junit-platform-suite]/[suite:service.AggregatorServiceTestSuite]/[engine:junit-jupiter]/[class:service.flight.CLKAggregatorServiceTest]/[method:testAggregateIsGroundTrue()]
display-name: testAggregateIsGroundTrue()
]]></system-out>
</testcase>
<testcase name="testAggregate_WithFalseInput_SetsEmptyValue()" classname="service.fpm.CFLFLAGAggregatorServiceTest" time="0">
<system-out><![CDATA[
unique-id: [engine:junit-platform-suite]/[suite:service.AggregatorServiceTestSuite]/[engine:junit-jupiter]/[class:service.fpm.CFLFLAGAggregatorServiceTest]/[method:testAggregate_WithFalseInput_SetsEmptyValue()]
display-name: testAggregate_WithFalseInput_SetsEmptyValue()
]]></system-out>
</testcase>
<testcase name="testAggregate_ACASCondition1()" classname="service.track.TCASAggregatorServiceTest" time="0">
<system-out><![CDATA[
unique-id: [engine:junit-platform-suite]/[suite:service.AggregatorServiceTestSuite]/[engine:junit-jupiter]/[class:service.track.TCASAggregatorServiceTest]/[method:testAggregate_ACASCondition1()]
display-name: testAggregate_ACASCondition1()
]]></system-out>
</testcase>
<testcase name="testAggregate_withZeroVX()" classname="service.track.VXAggregatorServiceTest" time="0">
<system-out><![CDATA[
unique-id: [engine:junit-platform-suite]/[suite:service.AggregatorServiceTestSuite]/[engine:junit-jupiter]/[class:service.track.VXAggregatorServiceTest]/[method:testAggregate_withZeroVX()]
display-name: testAggregate_withZeroVX()
]]></system-out>
</testcase>
<testcase name="testAggregateIsGroundFalse()" classname="service.flight.CLKAggregatorServiceTest" time="0.001">
<system-out><![CDATA[
unique-id: [engine:junit-platform-suite]/[suite:service.AggregatorServiceTestSuite]/[engine:junit-jupiter]/[class:service.flight.CLKAggregatorServiceTest]/[method:testAggregateIsGroundFalse()]
display-name: testAggregateIsGroundFalse()
]]></system-out>
</testcase>
<testcase name="testGetServiceName_ReturnsExpectedValue()" classname="service.flight.EMGSLAggregatorServiceTest" time="0">
<system-out><![CDATA[
unique-id: [engine:junit-platform-suite]/[suite:service.AggregatorServiceTestSuite]/[engine:junit-jupiter]/[class:service.flight.EMGSLAggregatorServiceTest]/[method:testGetServiceName_ReturnsExpectedValue()]
display-name: testGetServiceName_ReturnsExpectedValue()
]]></system-out>
</testcase>
<testcase name="testAggregate_NoCpdlcData_ShouldReturnEmptyValues()" classname="service.cpdlc.UDLSQUAWKAggregatorServiceTest" time="0.004">
<system-out><![CDATA[
unique-id: [engine:junit-platform-suite]/[suite:service.AggregatorServiceTestSuite]/[engine:junit-jupiter]/[class:service.cpdlc.UDLSQUAWKAggregatorServiceTest]/[method:testAggregate_NoCpdlcData_ShouldReturnEmptyValues()]
display-name: testAggregate_NoCpdlcData_ShouldReturnEmptyValues()
]]></system-out>
</testcase>
<testcase name="testGetServiceName()" classname="service.track.EMGAggregatorServiceTest" time="0">
<system-out><![CDATA[
unique-id: [engine:junit-platform-suite]/[suite:service.AggregatorServiceTestSuite]/[engine:junit-jupiter]/[class:service.track.EMGAggregatorServiceTest]/[method:testGetServiceName()]
display-name: testGetServiceName()
]]></system-out>
</testcase>
<testcase name="testGetServiceName()" classname="service.track.VXAggregatorServiceTest" time="0">
<system-out><![CDATA[
unique-id: [engine:junit-platform-suite]/[suite:service.AggregatorServiceTestSuite]/[engine:junit-jupiter]/[class:service.track.VXAggregatorServiceTest]/[method:testGetServiceName()]
display-name: testGetServiceName()
]]></system-out>
</testcase>
<testcase name="testAggregate_LevelStatus1_ShouldWriteCorrectValues()" classname="service.cpdlc.DDLMSGAggregatorServiceTest" time="0.007">
<system-out><![CDATA[
unique-id: [engine:junit-platform-suite]/[suite:service.AggregatorServiceTestSuite]/[engine:junit-jupiter]/[class:service.cpdlc.DDLMSGAggregatorServiceTest]/[method:testAggregate_LevelStatus1_ShouldWriteCorrectValues()]
display-name: testAggregate_LevelStatus1_ShouldWriteCorrectValues()
]]></system-out>
</testcase>
<testcase name="testAggregate_NoCpdlcData_ShouldReturnEmptyValues()" classname="service.cpdlc.UDLSPEEDAggregatorServiceTest" time="0.003">
<system-out><![CDATA[
unique-id: [engine:junit-platform-suite]/[suite:service.AggregatorServiceTestSuite]/[engine:junit-jupiter]/[class:service.cpdlc.UDLSPEEDAggregatorServiceTest]/[method:testAggregate_NoCpdlcData_ShouldReturnEmptyValues()]
display-name: testAggregate_NoCpdlcData_ShouldReturnEmptyValues()
]]></system-out>
</testcase>
<testcase name="testAggregate_WithMissingInput_SetsEmptyValue()" classname="service.fpm.CFLFLAGAggregatorServiceTest" time="0">
<system-out><![CDATA[
unique-id: [engine:junit-platform-suite]/[suite:service.AggregatorServiceTestSuite]/[engine:junit-jupiter]/[class:service.fpm.CFLFLAGAggregatorServiceTest]/[method:testAggregate_WithMissingInput_SetsEmptyValue()]
display-name: testAggregate_WithMissingInput_SetsEmptyValue()
]]></system-out>
</testcase>
<testcase name="testAggregateWithEmptyArc()" classname="service.flight.ARCAggregatorServiceTest" time="0">
<system-out><![CDATA[
unique-id: [engine:junit-platform-suite]/[suite:service.AggregatorServiceTestSuite]/[engine:junit-jupiter]/[class:service.flight.ARCAggregatorServiceTest]/[method:testAggregateWithEmptyArc()]
display-name: testAggregateWithEmptyArc()
]]></system-out>
</testcase>
<testcase name="testAggregate_WithSingleDigitSpdMod()" classname="service.track.GNDAggregatorServiceTest" time="0">
<system-out><![CDATA[
unique-id: [engine:junit-platform-suite]/[suite:service.AggregatorServiceTestSuite]/[engine:junit-jupiter]/[class:service.track.GNDAggregatorServiceTest]/[method:testAggregate_WithSingleDigitSpdMod()]
display-name: testAggregate_WithSingleDigitSpdMod()
]]></system-out>
</testcase>
<testcase name="testMode4Value_0()" classname="service.track.MODE4AggregatorServiceTest" time="0">
<system-out><![CDATA[
unique-id: [engine:junit-platform-suite]/[suite:service.AggregatorServiceTestSuite]/[engine:junit-jupiter]/[class:service.track.MODE4AggregatorServiceTest]/[method:testMode4Value_0()]
display-name: testMode4Value_0()
]]></system-out>
</testcase>
<testcase name="testGetServiceName()" classname="service.track.GNDAggregatorServiceTest" time="0">
<system-out><![CDATA[
unique-id: [engine:junit-platform-suite]/[suite:service.AggregatorServiceTestSuite]/[engine:junit-jupiter]/[class:service.track.GNDAggregatorServiceTest]/[method:testGetServiceName()]
display-name: testGetServiceName()
]]></system-out>
</testcase>
<testcase name="testAggregate_WithThreeDigitSpdMod()" classname="service.track.GNDAggregatorServiceTest" time="0">
<system-out><![CDATA[
unique-id: [engine:junit-platform-suite]/[suite:service.AggregatorServiceTestSuite]/[engine:junit-jupiter]/[class:service.track.GNDAggregatorServiceTest]/[method:testAggregate_WithThreeDigitSpdMod()]
display-name: testAggregate_WithThreeDigitSpdMod()
]]></system-out>
</testcase>
<testcase name="testAggregate_WithEmptySpdMod()" classname="service.track.GNDAggregatorServiceTest" time="0">
<system-out><![CDATA[
unique-id: [engine:junit-platform-suite]/[suite:service.AggregatorServiceTestSuite]/[engine:junit-jupiter]/[class:service.track.GNDAggregatorServiceTest]/[method:testAggregate_WithEmptySpdMod()]
display-name: testAggregate_WithEmptySpdMod()
]]></system-out>
</testcase>
<testcase name="testAggregate_WithZeroMGN()" classname="service.track.MGNAggregatorServiceTest" time="0">
<system-out><![CDATA[
unique-id: [engine:junit-platform-suite]/[suite:service.AggregatorServiceTestSuite]/[engine:junit-jupiter]/[class:service.track.MGNAggregatorServiceTest]/[method:testAggregate_WithZeroMGN()]
display-name: testAggregate_WithZeroMGN()
]]></system-out>
</testcase>
<testcase name="testGetServiceName()" classname="service.track.MGNAggregatorServiceTest" time="0">
<system-out><![CDATA[
unique-id: [engine:junit-platform-suite]/[suite:service.AggregatorServiceTestSuite]/[engine:junit-jupiter]/[class:service.track.MGNAggregatorServiceTest]/[method:testGetServiceName()]
display-name: testGetServiceName()
]]></system-out>
</testcase>
<testcase name="testAggregate_NoCpdlcData_ShouldReturnEmptyValues()" classname="service.cpdlc.UDLHDGAggregatorServiceTest" time="0.003">
<system-out><![CDATA[
unique-id: [engine:junit-platform-suite]/[suite:service.AggregatorServiceTestSuite]/[engine:junit-jupiter]/[class:service.cpdlc.UDLHDGAggregatorServiceTest]/[method:testAggregate_NoCpdlcData_ShouldReturnEmptyValues()]
display-name: testAggregate_NoCpdlcData_ShouldReturnEmptyValues()
]]></system-out>
</testcase>
<testcase name="testAggregate_RCF()" classname="service.track.EMGAggregatorServiceTest" time="0">
<system-out><![CDATA[
unique-id: [engine:junit-platform-suite]/[suite:service.AggregatorServiceTestSuite]/[engine:junit-jupiter]/[class:service.track.EMGAggregatorServiceTest]/[method:testAggregate_RCF()]
display-name: testAggregate_RCF()
]]></system-out>
</testcase>
<testcase name="testAggregate_EMG_TakesPrecedence()" classname="service.track.EMGAggregatorServiceTest" time="0">
<system-out><![CDATA[
unique-id: [engine:junit-platform-suite]/[suite:service.AggregatorServiceTestSuite]/[engine:junit-jupiter]/[class:service.track.EMGAggregatorServiceTest]/[method:testAggregate_EMG_TakesPrecedence()]
display-name: testAggregate_EMG_TakesPrecedence()
]]></system-out>
</testcase>
<testcase name="testAggregate_withPositiveVY()" classname="service.track.VYAggregatorServiceTest" time="0">
<system-out><![CDATA[
unique-id: [engine:junit-platform-suite]/[suite:service.AggregatorServiceTestSuite]/[engine:junit-jupiter]/[class:service.track.VYAggregatorServiceTest]/[method:testAggregate_withPositiveVY()]
display-name: testAggregate_withPositiveVY()
]]></system-out>
</testcase>
<testcase name="testAggregate_ADSCTrue_FomLessThan7()" classname="service.track.ADSCAggregatorServiceTest" time="0.001">
<system-out><![CDATA[
unique-id: [engine:junit-platform-suite]/[suite:service.AggregatorServiceTestSuite]/[engine:junit-jupiter]/[class:service.track.ADSCAggregatorServiceTest]/[method:testAggregate_ADSCTrue_FomLessThan7()]
display-name: testAggregate_ADSCTrue_FomLessThan7()
]]></system-out>
</testcase>
<testcase name="testMode4Value_3()" classname="service.track.MODE4AggregatorServiceTest" time="0">
<system-out><![CDATA[
unique-id: [engine:junit-platform-suite]/[suite:service.AggregatorServiceTestSuite]/[engine:junit-jupiter]/[class:service.track.MODE4AggregatorServiceTest]/[method:testMode4Value_3()]
display-name: testMode4Value_3()
]]></system-out>
</testcase>
<testcase name="testAggregate_WithMinimalData_AddsEmptyLines()" classname="service.tct.EMG_TCTAggregatorServiceTest" time="0">
<system-out><![CDATA[
unique-id: [engine:junit-platform-suite]/[suite:service.AggregatorServiceTestSuite]/[engine:junit-jupiter]/[class:service.tct.EMG_TCTAggregatorServiceTest]/[method:testAggregate_WithMinimalData_AddsEmptyLines()]
display-name: testAggregate_WithMinimalData_AddsEmptyLines()
]]></system-out>
</testcase>
<testcase name="testGetServiceName()" classname="service.flight.ARCAggregatorServiceTest" time="0">
<system-out><![CDATA[
unique-id: [engine:junit-platform-suite]/[suite:service.AggregatorServiceTestSuite]/[engine:junit-jupiter]/[class:service.flight.ARCAggregatorServiceTest]/[method:testGetServiceName()]
display-name: testGetServiceName()
]]></system-out>
</testcase>
<testcase name="testAggregate_NoCpdlcData_ShouldWriteEmptyValues()" classname="service.cpdlc.UDLCFLAggregatorServiceTest" time="0.002">
<system-out><![CDATA[
unique-id: [engine:junit-platform-suite]/[suite:service.AggregatorServiceTestSuite]/[engine:junit-jupiter]/[class:service.cpdlc.UDLCFLAggregatorServiceTest]/[method:testAggregate_NoCpdlcData_ShouldWriteEmptyValues()]
display-name: testAggregate_NoCpdlcData_ShouldWriteEmptyValues()
]]></system-out>
</testcase>
<testcase name="testGetServiceName_ReturnsExpectedValue()" classname="service.tct.EMG_TCTAggregatorServiceTest" time="0">
<system-out><![CDATA[
unique-id: [engine:junit-platform-suite]/[suite:service.AggregatorServiceTestSuite]/[engine:junit-jupiter]/[class:service.tct.EMG_TCTAggregatorServiceTest]/[method:testGetServiceName_ReturnsExpectedValue()]
display-name: testGetServiceName_ReturnsExpectedValue()
]]></system-out>
</testcase>
<testcase name="testAggregate_PreservesNonSLEmergencyStatus()" classname="service.flight.EMGSLAggregatorServiceTest" time="0.001">
<system-out><![CDATA[
unique-id: [engine:junit-platform-suite]/[suite:service.AggregatorServiceTestSuite]/[engine:junit-jupiter]/[class:service.flight.EMGSLAggregatorServiceTest]/[method:testAggregate_PreservesNonSLEmergencyStatus()]
display-name: testAggregate_PreservesNonSLEmergencyStatus()
]]></system-out>
</testcase>
<testcase name="testAggregate_NoACAS()" classname="service.track.TCASAggregatorServiceTest" time="0">
<system-out><![CDATA[
unique-id: [engine:junit-platform-suite]/[suite:service.AggregatorServiceTestSuite]/[engine:junit-jupiter]/[class:service.track.TCASAggregatorServiceTest]/[method:testAggregate_NoACAS()]
display-name: testAggregate_NoACAS()
]]></system-out>
</testcase>
<testcase name="testGetServiceName()" classname="service.flight.CLKAggregatorServiceTest" time="0">
<system-out><![CDATA[
unique-id: [engine:junit-platform-suite]/[suite:service.AggregatorServiceTestSuite]/[engine:junit-jupiter]/[class:service.flight.CLKAggregatorServiceTest]/[method:testGetServiceName()]
display-name: testGetServiceName()
]]></system-out>
</testcase>
<testcase name="testGetServiceName()" classname="service.track.MODE4AggregatorServiceTest" time="0">
<system-out><![CDATA[
unique-id: [engine:junit-platform-suite]/[suite:service.AggregatorServiceTestSuite]/[engine:junit-jupiter]/[class:service.track.MODE4AggregatorServiceTest]/[method:testGetServiceName()]
display-name: testGetServiceName()
]]></system-out>
</testcase>
<testcase name="testAggregate_ACASCondition2()" classname="service.track.TCASAggregatorServiceTest" time="0">
<system-out><![CDATA[
unique-id: [engine:junit-platform-suite]/[suite:service.AggregatorServiceTestSuite]/[engine:junit-jupiter]/[class:service.track.TCASAggregatorServiceTest]/[method:testAggregate_ACASCondition2()]
display-name: testAggregate_ACASCondition2()
]]></system-out>
</testcase>
<testcase name="testAggregate_withZeroVY()" classname="service.track.VYAggregatorServiceTest" time="0">
<system-out><![CDATA[
unique-id: [engine:junit-platform-suite]/[suite:service.AggregatorServiceTestSuite]/[engine:junit-jupiter]/[class:service.track.VYAggregatorServiceTest]/[method:testAggregate_withZeroVY()]
display-name: testAggregate_withZeroVY()
]]></system-out>
</testcase>
<testcase name="testAggregateIsGroundMissing()" classname="service.flight.CLKAggregatorServiceTest" time="0">
<system-out><![CDATA[
unique-id: [engine:junit-platform-suite]/[suite:service.AggregatorServiceTestSuite]/[engine:junit-jupiter]/[class:service.flight.CLKAggregatorServiceTest]/[method:testAggregateIsGroundMissing()]
display-name: testAggregateIsGroundMissing()
]]></system-out>
</testcase>
<testcase name="testAggregate_VerifyRawDataCalledOnce()" classname="service.correlation.CORLMSTATAggregatorServiceTest" time="0.015">
<system-out><![CDATA[
unique-id: [engine:junit-platform-suite]/[suite:service.AggregatorServiceTestSuite]/[engine:junit-jupiter]/[class:service.correlation.CORLMSTATAggregatorServiceTest]/[method:testAggregate_VerifyRawDataCalledOnce()]
display-name: testAggregate_VerifyRawDataCalledOnce()
]]></system-out>
</testcase>
<testcase name="testMode4Value_1()" classname="service.track.MODE4AggregatorServiceTest" time="0">
<system-out><![CDATA[
unique-id: [engine:junit-platform-suite]/[suite:service.AggregatorServiceTestSuite]/[engine:junit-jupiter]/[class:service.track.MODE4AggregatorServiceTest]/[method:testMode4Value_1()]
display-name: testMode4Value_1()
]]></system-out>
</testcase>
<testcase name="testAggregate_WithValidStatus_AddsExpectedHeaderLine()" classname="service.correlation.CORLMSTATAggregatorServiceTest" time="1.279">
<system-out><![CDATA[
unique-id: [engine:junit-platform-suite]/[suite:service.AggregatorServiceTestSuite]/[engine:junit-jupiter]/[class:service.correlation.CORLMSTATAggregatorServiceTest]/[method:testAggregate_WithValidStatus_AddsExpectedHeaderLine()]
display-name: testAggregate_WithValidStatus_AddsExpectedHeaderLine()
]]></system-out>
</testcase>
<testcase name="testAggregate_WithMissingEmergencyLevel_AddsEmptyLine()" classname="service.flight.EMGSLAggregatorServiceTest" time="0">
<system-out><![CDATA[
unique-id: [engine:junit-platform-suite]/[suite:service.AggregatorServiceTestSuite]/[engine:junit-jupiter]/[class:service.flight.EMGSLAggregatorServiceTest]/[method:testAggregate_WithMissingEmergencyLevel_AddsEmptyLine()]
display-name: testAggregate_WithMissingEmergencyLevel_AddsEmptyLine()
]]></system-out>
</testcase>
<testcase name="testAggregate_ClearsEmergencySLWhenLevCopyLow()" classname="service.flight.EMGSLAggregatorServiceTest" time="0">
<system-out><![CDATA[
unique-id: [engine:junit-platform-suite]/[suite:service.AggregatorServiceTestSuite]/[engine:junit-jupiter]/[class:service.flight.EMGSLAggregatorServiceTest]/[method:testAggregate_ClearsEmergencySLWhenLevCopyLow()]
display-name: testAggregate_ClearsEmergencySLWhenLevCopyLow()
]]></system-out>
</testcase>
<testcase name="testAggregate_NoCpdlcData_ShouldWriteEmptyValues()" classname="service.cpdlc.UDLCONTACTAggregatorServiceTest" time="0.006">
<system-out><![CDATA[
unique-id: [engine:junit-platform-suite]/[suite:service.AggregatorServiceTestSuite]/[engine:junit-jupiter]/[class:service.cpdlc.UDLCONTACTAggregatorServiceTest]/[method:testAggregate_NoCpdlcData_ShouldWriteEmptyValues()]
display-name: testAggregate_NoCpdlcData_ShouldWriteEmptyValues()
]]></system-out>
</testcase>
<testcase name="testGetServiceName()" classname="service.track.ADSCAggregatorServiceTest" time="0">
<system-out><![CDATA[
unique-id: [engine:junit-platform-suite]/[suite:service.AggregatorServiceTestSuite]/[engine:junit-jupiter]/[class:service.track.ADSCAggregatorServiceTest]/[method:testGetServiceName()]
display-name: testGetServiceName()
]]></system-out>
</testcase>
<testcase name="testGetServiceName()" classname="service.track.VYAggregatorServiceTest" time="0">
<system-out><![CDATA[
unique-id: [engine:junit-platform-suite]/[suite:service.AggregatorServiceTestSuite]/[engine:junit-jupiter]/[class:service.track.VYAggregatorServiceTest]/[method:testGetServiceName()]
display-name: testGetServiceName()
]]></system-out>
</testcase>
<testcase name="testAggregate_WithDifferentStatus_AddsEmptyHeaderLine()" classname="service.correlation.CORLMSTATAggregatorServiceTest" time="0.002">
<system-out><![CDATA[
unique-id: [engine:junit-platform-suite]/[suite:service.AggregatorServiceTestSuite]/[engine:junit-jupiter]/[class:service.correlation.CORLMSTATAggregatorServiceTest]/[method:testAggregate_WithDifferentStatus_AddsEmptyHeaderLine()]
display-name: testAggregate_WithDifferentStatus_AddsEmptyHeaderLine()
]]></system-out>
</testcase>
<testcase name="testAggregate_WithBasicTrackData()" classname="service.track.MGNAggregatorServiceTest" time="0">
<system-out><![CDATA[
unique-id: [engine:junit-platform-suite]/[suite:service.AggregatorServiceTestSuite]/[engine:junit-jupiter]/[class:service.track.MGNAggregatorServiceTest]/[method:testAggregate_WithBasicTrackData()]
display-name: testAggregate_WithBasicTrackData()
]]></system-out>
</testcase>
<testcase name="testAggregate_WithTrueInput_SetsTrueValue()" classname="service.fpm.CFLFLAGAggregatorServiceTest" time="0">
<system-out><![CDATA[
unique-id: [engine:junit-platform-suite]/[suite:service.AggregatorServiceTestSuite]/[engine:junit-jupiter]/[class:service.fpm.CFLFLAGAggregatorServiceTest]/[method:testAggregate_WithTrueInput_SetsTrueValue()]
display-name: testAggregate_WithTrueInput_SetsTrueValue()
]]></system-out>
</testcase>
<testcase name="testAggregate_HIJ()" classname="service.track.EMGAggregatorServiceTest" time="0">
<system-out><![CDATA[
unique-id: [engine:junit-platform-suite]/[suite:service.AggregatorServiceTestSuite]/[engine:junit-jupiter]/[class:service.track.EMGAggregatorServiceTest]/[method:testAggregate_HIJ()]
display-name: testAggregate_HIJ()
]]></system-out>
</testcase>
<testcase name="testAggregate_WithMissingStatus_AddsEmptyHeaderLine()" classname="service.correlation.CORLMSTATAggregatorServiceTest" time="0.003">
<system-out><![CDATA[
unique-id: [engine:junit-platform-suite]/[suite:service.AggregatorServiceTestSuite]/[engine:junit-jupiter]/[class:service.correlation.CORLMSTATAggregatorServiceTest]/[method:testAggregate_WithMissingStatus_AddsEmptyHeaderLine()]
display-name: testAggregate_WithMissingStatus_AddsEmptyHeaderLine()
]]></system-out>
</testcase>
<testcase name="testAggregate_ADSCFalse()" classname="service.track.ADSCAggregatorServiceTest" time="0">
<system-out><![CDATA[
unique-id: [engine:junit-platform-suite]/[suite:service.AggregatorServiceTestSuite]/[engine:junit-jupiter]/[class:service.track.ADSCAggregatorServiceTest]/[method:testAggregate_ADSCFalse()]
display-name: testAggregate_ADSCFalse()
]]></system-out>
</testcase>
<testcase name="testAggregate_NoneSet()" classname="service.track.EMGAggregatorServiceTest" time="0">
<system-out><![CDATA[
unique-id: [engine:junit-platform-suite]/[suite:service.AggregatorServiceTestSuite]/[engine:junit-jupiter]/[class:service.track.EMGAggregatorServiceTest]/[method:testAggregate_NoneSet()]
display-name: testAggregate_NoneSet()
]]></system-out>
</testcase>
<testcase name="testGetServiceName_ReturnsExpectedValue()" classname="service.correlation.CORLMSTATAggregatorServiceTest" time="0.003">
<system-out><![CDATA[
unique-id: [engine:junit-platform-suite]/[suite:service.AggregatorServiceTestSuite]/[engine:junit-jupiter]/[class:service.correlation.CORLMSTATAggregatorServiceTest]/[method:testGetServiceName_ReturnsExpectedValue()]
display-name: testGetServiceName_ReturnsExpectedValue()
]]></system-out>
</testcase>
<testcase name="testAggregate_ADSCTrue_FomGreaterOrEqual7()" classname="service.track.ADSCAggregatorServiceTest" time="0">
<system-out><![CDATA[
unique-id: [engine:junit-platform-suite]/[suite:service.AggregatorServiceTestSuite]/[engine:junit-jupiter]/[class:service.track.ADSCAggregatorServiceTest]/[method:testAggregate_ADSCTrue_FomGreaterOrEqual7()]
display-name: testAggregate_ADSCTrue_FomGreaterOrEqual7()
]]></system-out>
</testcase>
<testcase name="testGetServiceName_ReturnsExpectedValue()" classname="service.fpm.CFLFLAGAggregatorServiceTest" time="0">
<system-out><![CDATA[
unique-id: [engine:junit-platform-suite]/[suite:service.AggregatorServiceTestSuite]/[engine:junit-jupiter]/[class:service.fpm.CFLFLAGAggregatorServiceTest]/[method:testGetServiceName_ReturnsExpectedValue()]
display-name: testGetServiceName_ReturnsExpectedValue()
]]></system-out>
</testcase>
<system-out><![CDATA[
unique-id: [engine:junit-platform-suite]
display-name: JUnit Platform Suite
]]></system-out>
</testsuite>
